stdio    D         file_stdio.c:110  file_stdio_fopen                 [   0.00000] opening C:\Users\Admin\OneDrive - Estudiantes ITCR\Escritorio\Estructura\Proyecto DeathRace\DeathraceV2\pp\Debug\allegro5.cfg r
system   D            wsystem.c:834  maybe_parent_dir                 [   0.00000] Also searching C:\Users\Admin\OneDrive - Estudiantes ITCR\Escritorio\Estructura\Proyecto DeathRace\DeathraceV2\pp\
system   D            wsystem.c:889  _al_win_safe_load_library        [   0.00000] PathFindOnPath found: C:\Windows\system32\shcore.dll
system   D            wsystem.c:795  load_library_at_path             [   0.00000] Calling LoadLibrary C:\Windows\system32\shcore.dll
system   I            wsystem.c:798  load_library_at_path             [   0.00000] Loaded C:\Windows\system32\shcore.dll
system   I             system.c:271  al_install_system                [   0.00000] Allegro version: 5.2.8
system   D            wsystem.c:834  maybe_parent_dir                 [   0.00103] Also searching C:\Users\Admin\OneDrive - Estudiantes ITCR\Escritorio\Estructura\Proyecto DeathRace\DeathraceV2\pp\
system   D            wsystem.c:889  _al_win_safe_load_library        [   0.00126] PathFindOnPath found: C:\Windows\system32\d3d9.dll
system   D            wsystem.c:795  load_library_at_path             [   0.00130] Calling LoadLibrary C:\Windows\system32\d3d9.dll
system   I            wsystem.c:798  load_library_at_path             [   0.00431] Loaded C:\Windows\system32\d3d9.dll
d3d      I         d3d_disp.cpp:679  d3d_init_display                 [   0.01930] Render-to-texture: 1
d3d      I         d3d_disp.cpp:1780 d3d_create_display_locked        [   0.01978] faux_fullscreen=0
d3d      D         d3d_disp.cpp:1781 d3d_create_display_locked        [   0.01983] al_display=00C0ABF0
d3d      D         d3d_disp.cpp:1782 d3d_create_display_locked        [   0.01986] al_display->vt=00C4AD40
d3d      I d3d_display_formats.cpp:144  _al_d3d_generate_display_format_list [   0.02416] found 288 format combinations
display  D   display_settings.c:214  debug_display_settings           [   0.02424] color: 32 (rgba 8880), depth: 0, stencil: 0, acc: 0000, samples: 0/0
display  D   display_settings.c:529  _al_score_display_settings       [   0.02429] Score is : 897
display  D   display_settings.c:214  debug_display_settings           [   0.02432] color: 32 (rgba 8880), depth: 0, stencil: 0, acc: 0000, samples: 0/0
display  D   display_settings.c:529  _al_score_display_settings       [   0.02436] Score is : 897
display  D   display_settings.c:214  debug_display_settings           [   0.02440] color: 32 (rgba 8880), depth: 0, stencil: 0, acc: 0000, samples: 2/1
display  D   display_settings.c:529  _al_score_display_settings       [   0.02443] Score is : 726
display  D   display_settings.c:214  debug_display_settings           [   0.02447] color: 32 (rgba 8880), depth: 0, stencil: 0, acc: 0000, samples: 3/1
display  D   display_settings.c:529  _al_score_display_settings       [   0.02451] Score is : 721
display  D   display_settings.c:214  debug_display_settings           [   0.02454] color: 32 (rgba 8880), depth: 0, stencil: 0, acc: 0000, samples: 4/1
display  D   display_settings.c:529  _al_score_display_settings       [   0.02458] Score is : 717
display  D   display_settings.c:214  debug_display_settings           [   0.02460] color: 32 (rgba 8880), depth: 0, stencil: 0, acc: 0000, samples: 5/1
display  D   display_settings.c:529  _al_score_display_settings       [   0.02463] Score is : 715
display  D   display_settings.c:214  debug_display_settings           [   0.02466] color: 32 (rgba 8880), depth: 0, stencil: 0, acc: 0000, samples: 6/1
display  D   display_settings.c:529  _al_score_display_settings       [   0.02469] Score is : 714
display  D   display_settings.c:214  debug_display_settings           [   0.02471] color: 32 (rgba 8880), depth: 0, stencil: 0, acc: 0000, samples: 7/1
display  D   display_settings.c:529  _al_score_display_settings       [   0.02474] Score is : 713
display  D   display_settings.c:214  debug_display_settings           [   0.02477] color: 32 (rgba 8880), depth: 0, stencil: 0, acc: 0000, samples: 8/1
display  D   display_settings.c:529  _al_score_display_settings       [   0.02484] Score is : 712
display  D   display_settings.c:214  debug_display_settings           [   0.02488] color: 32 (rgba 8880), depth: 24, stencil: 8, acc: 0000, samples: 0/0
display  D   display_settings.c:529  _al_score_display_settings       [   0.02491] Score is : 897
display  D   display_settings.c:214  debug_display_settings           [   0.02493] color: 32 (rgba 8880), depth: 24, stencil: 8, acc: 0000, samples: 0/0
display  D   display_settings.c:529  _al_score_display_settings       [   0.02496] Score is : 897
display  D   display_settings.c:214  debug_display_settings           [   0.02499] color: 32 (rgba 8880), depth: 24, stencil: 8, acc: 0000, samples: 2/1
display  D   display_settings.c:529  _al_score_display_settings       [   0.02502] Score is : 726
display  D   display_settings.c:214  debug_display_settings           [   0.02504] color: 32 (rgba 8880), depth: 24, stencil: 8, acc: 0000, samples: 3/1
display  D   display_settings.c:529  _al_score_display_settings       [   0.02508] Score is : 721
display  D   display_settings.c:214  debug_display_settings           [   0.02510] color: 32 (rgba 8880), depth: 24, stencil: 8, acc: 0000, samples: 4/1
display  D   display_settings.c:529  _al_score_display_settings       [   0.02513] Score is : 717
display  D   display_settings.c:214  debug_display_settings           [   0.02516] color: 32 (rgba 8880), depth: 24, stencil: 8, acc: 0000, samples: 5/1
display  D   display_settings.c:529  _al_score_display_settings       [   0.02519] Score is : 715
display  D   display_settings.c:214  debug_display_settings           [   0.02521] color: 32 (rgba 8880), depth: 24, stencil: 8, acc: 0000, samples: 6/1
display  D   display_settings.c:529  _al_score_display_settings       [   0.02524] Score is : 714
display  D   display_settings.c:214  debug_display_settings           [   0.02527] color: 32 (rgba 8880), depth: 24, stencil: 8, acc: 0000, samples: 7/1
display  D   display_settings.c:529  _al_score_display_settings       [   0.02530] Score is : 713
display  D   display_settings.c:214  debug_display_settings           [   0.02532] color: 32 (rgba 8880), depth: 24, stencil: 8, acc: 0000, samples: 8/1
display  D   display_settings.c:529  _al_score_display_settings       [   0.02535] Score is : 712
display  D   display_settings.c:214  debug_display_settings           [   0.02538] color: 32 (rgba 8880), depth: 24, stencil: 0, acc: 0000, samples: 0/0
display  D   display_settings.c:529  _al_score_display_settings       [   0.02541] Score is : 897
display  D   display_settings.c:214  debug_display_settings           [   0.02543] color: 32 (rgba 8880), depth: 24, stencil: 0, acc: 0000, samples: 0/0
display  D   display_settings.c:529  _al_score_display_settings       [   0.02546] Score is : 897
display  D   display_settings.c:214  debug_display_settings           [   0.02549] color: 32 (rgba 8880), depth: 24, stencil: 0, acc: 0000, samples: 2/1
display  D   display_settings.c:529  _al_score_display_settings       [   0.02552] Score is : 726
display  D   display_settings.c:214  debug_display_settings           [   0.02554] color: 32 (rgba 8880), depth: 24, stencil: 0, acc: 0000, samples: 3/1
display  D   display_settings.c:529  _al_score_display_settings       [   0.02557] Score is : 721
display  D   display_settings.c:214  debug_display_settings           [   0.02560] color: 32 (rgba 8880), depth: 24, stencil: 0, acc: 0000, samples: 4/1
display  D   display_settings.c:529  _al_score_display_settings       [   0.02563] Score is : 717
display  D   display_settings.c:214  debug_display_settings           [   0.02565] color: 32 (rgba 8880), depth: 24, stencil: 0, acc: 0000, samples: 5/1
display  D   display_settings.c:529  _al_score_display_settings       [   0.02568] Score is : 715
display  D   display_settings.c:214  debug_display_settings           [   0.02571] color: 32 (rgba 8880), depth: 24, stencil: 0, acc: 0000, samples: 6/1
display  D   display_settings.c:529  _al_score_display_settings       [   0.02581] Score is : 714
display  D   display_settings.c:214  debug_display_settings           [   0.02584] color: 32 (rgba 8880), depth: 24, stencil: 0, acc: 0000, samples: 7/1
display  D   display_settings.c:529  _al_score_display_settings       [   0.02587] Score is : 713
display  D   display_settings.c:214  debug_display_settings           [   0.02590] color: 32 (rgba 8880), depth: 24, stencil: 0, acc: 0000, samples: 8/1
display  D   display_settings.c:529  _al_score_display_settings       [   0.02593] Score is : 712
display  D   display_settings.c:214  debug_display_settings           [   0.02595] color: 32 (rgba 8880), depth: 16, stencil: 0, acc: 0000, samples: 0/0
display  D   display_settings.c:529  _al_score_display_settings       [   0.02598] Score is : 897
display  D   display_settings.c:214  debug_display_settings           [   0.02601] color: 32 (rgba 8880), depth: 16, stencil: 0, acc: 0000, samples: 0/0
display  D   display_settings.c:529  _al_score_display_settings       [   0.02604] Score is : 897
display  D   display_settings.c:214  debug_display_settings           [   0.02606] color: 32 (rgba 8880), depth: 16, stencil: 0, acc: 0000, samples: 2/1
display  D   display_settings.c:529  _al_score_display_settings       [   0.02609] Score is : 726
display  D   display_settings.c:214  debug_display_settings           [   0.02612] color: 32 (rgba 8880), depth: 16, stencil: 0, acc: 0000, samples: 3/1
display  D   display_settings.c:529  _al_score_display_settings       [   0.02615] Score is : 721
display  D   display_settings.c:214  debug_display_settings           [   0.02617] color: 32 (rgba 8880), depth: 16, stencil: 0, acc: 0000, samples: 4/1
display  D   display_settings.c:529  _al_score_display_settings       [   0.02620] Score is : 717
display  D   display_settings.c:214  debug_display_settings           [   0.02623] color: 32 (rgba 8880), depth: 16, stencil: 0, acc: 0000, samples: 5/1
display  D   display_settings.c:529  _al_score_display_settings       [   0.02626] Score is : 715
display  D   display_settings.c:214  debug_display_settings           [   0.02628] color: 32 (rgba 8880), depth: 16, stencil: 0, acc: 0000, samples: 6/1
display  D   display_settings.c:529  _al_score_display_settings       [   0.02631] Score is : 714
display  D   display_settings.c:214  debug_display_settings           [   0.02634] color: 32 (rgba 8880), depth: 16, stencil: 0, acc: 0000, samples: 7/1
display  D   display_settings.c:529  _al_score_display_settings       [   0.02637] Score is : 713
display  D   display_settings.c:214  debug_display_settings           [   0.02639] color: 32 (rgba 8880), depth: 16, stencil: 0, acc: 0000, samples: 8/1
display  D   display_settings.c:529  _al_score_display_settings       [   0.02642] Score is : 712
display  D   display_settings.c:214  debug_display_settings           [   0.02645] color: 16 (rgba 5650), depth: 0, stencil: 0, acc: 0000, samples: 0/0
display  D   display_settings.c:529  _al_score_display_settings       [   0.02651] Score is : 897
display  D   display_settings.c:214  debug_display_settings           [   0.02654] color: 16 (rgba 5650), depth: 0, stencil: 0, acc: 0000, samples: 0/0
display  D   display_settings.c:529  _al_score_display_settings       [   0.02657] Score is : 897
display  D   display_settings.c:214  debug_display_settings           [   0.02660] color: 16 (rgba 5650), depth: 0, stencil: 0, acc: 0000, samples: 2/1
display  D   display_settings.c:529  _al_score_display_settings       [   0.02663] Score is : 726
display  D   display_settings.c:214  debug_display_settings           [   0.02666] color: 16 (rgba 5650), depth: 0, stencil: 0, acc: 0000, samples: 3/1
display  D   display_settings.c:529  _al_score_display_settings       [   0.02669] Score is : 721
display  D   display_settings.c:214  debug_display_settings           [   0.02671] color: 16 (rgba 5650), depth: 0, stencil: 0, acc: 0000, samples: 4/1
display  D   display_settings.c:529  _al_score_display_settings       [   0.02674] Score is : 717
display  D   display_settings.c:214  debug_display_settings           [   0.02677] color: 16 (rgba 5650), depth: 0, stencil: 0, acc: 0000, samples: 5/1
display  D   display_settings.c:529  _al_score_display_settings       [   0.02680] Score is : 715
display  D   display_settings.c:214  debug_display_settings           [   0.02683] color: 16 (rgba 5650), depth: 0, stencil: 0, acc: 0000, samples: 6/1
display  D   display_settings.c:529  _al_score_display_settings       [   0.02686] Score is : 714
display  D   display_settings.c:214  debug_display_settings           [   0.02688] color: 16 (rgba 5650), depth: 0, stencil: 0, acc: 0000, samples: 7/1
display  D   display_settings.c:529  _al_score_display_settings       [   0.02691] Score is : 713
display  D   display_settings.c:214  debug_display_settings           [   0.02694] color: 16 (rgba 5650), depth: 0, stencil: 0, acc: 0000, samples: 8/1
display  D   display_settings.c:529  _al_score_display_settings       [   0.02697] Score is : 712
display  D   display_settings.c:214  debug_display_settings           [   0.02699] color: 16 (rgba 5650), depth: 24, stencil: 8, acc: 0000, samples: 0/0
display  D   display_settings.c:529  _al_score_display_settings       [   0.02703] Score is : 897
display  D   display_settings.c:214  debug_display_settings           [   0.02705] color: 16 (rgba 5650), depth: 24, stencil: 8, acc: 0000, samples: 0/0
display  D   display_settings.c:529  _al_score_display_settings       [   0.02708] Score is : 897
display  D   display_settings.c:214  debug_display_settings           [   0.02711] color: 16 (rgba 5650), depth: 24, stencil: 8, acc: 0000, samples: 2/1
display  D   display_settings.c:529  _al_score_display_settings       [   0.02713] Score is : 726
display  D   display_settings.c:214  debug_display_settings           [   0.02716] color: 16 (rgba 5650), depth: 24, stencil: 8, acc: 0000, samples: 3/1
display  D   display_settings.c:529  _al_score_display_settings       [   0.02719] Score is : 721
display  D   display_settings.c:214  debug_display_settings           [   0.02721] color: 16 (rgba 5650), depth: 24, stencil: 8, acc: 0000, samples: 4/1
display  D   display_settings.c:529  _al_score_display_settings       [   0.02724] Score is : 717
display  D   display_settings.c:214  debug_display_settings           [   0.02727] color: 16 (rgba 5650), depth: 24, stencil: 8, acc: 0000, samples: 5/1
display  D   display_settings.c:529  _al_score_display_settings       [   0.02730] Score is : 715
display  D   display_settings.c:214  debug_display_settings           [   0.02732] color: 16 (rgba 5650), depth: 24, stencil: 8, acc: 0000, samples: 6/1
display  D   display_settings.c:529  _al_score_display_settings       [   0.02735] Score is : 714
display  D   display_settings.c:214  debug_display_settings           [   0.02738] color: 16 (rgba 5650), depth: 24, stencil: 8, acc: 0000, samples: 7/1
display  D   display_settings.c:529  _al_score_display_settings       [   0.02741] Score is : 713
display  D   display_settings.c:214  debug_display_settings           [   0.02743] color: 16 (rgba 5650), depth: 24, stencil: 8, acc: 0000, samples: 8/1
display  D   display_settings.c:529  _al_score_display_settings       [   0.02746] Score is : 712
display  D   display_settings.c:214  debug_display_settings           [   0.02749] color: 16 (rgba 5650), depth: 24, stencil: 0, acc: 0000, samples: 0/0
display  D   display_settings.c:529  _al_score_display_settings       [   0.02752] Score is : 897
display  D   display_settings.c:214  debug_display_settings           [   0.02754] color: 16 (rgba 5650), depth: 24, stencil: 0, acc: 0000, samples: 0/0
display  D   display_settings.c:529  _al_score_display_settings       [   0.02757] Score is : 897
display  D   display_settings.c:214  debug_display_settings           [   0.02760] color: 16 (rgba 5650), depth: 24, stencil: 0, acc: 0000, samples: 2/1
display  D   display_settings.c:529  _al_score_display_settings       [   0.02763] Score is : 726
display  D   display_settings.c:214  debug_display_settings           [   0.02773] color: 16 (rgba 5650), depth: 24, stencil: 0, acc: 0000, samples: 3/1
display  D   display_settings.c:529  _al_score_display_settings       [   0.02776] Score is : 721
display  D   display_settings.c:214  debug_display_settings           [   0.02779] color: 16 (rgba 5650), depth: 24, stencil: 0, acc: 0000, samples: 4/1
display  D   display_settings.c:529  _al_score_display_settings       [   0.02782] Score is : 717
display  D   display_settings.c:214  debug_display_settings           [   0.02785] color: 16 (rgba 5650), depth: 24, stencil: 0, acc: 0000, samples: 5/1
display  D   display_settings.c:529  _al_score_display_settings       [   0.02788] Score is : 715
display  D   display_settings.c:214  debug_display_settings           [   0.02790] color: 16 (rgba 5650), depth: 24, stencil: 0, acc: 0000, samples: 6/1
display  D   display_settings.c:529  _al_score_display_settings       [   0.02793] Score is : 714
display  D   display_settings.c:214  debug_display_settings           [   0.02796] color: 16 (rgba 5650), depth: 24, stencil: 0, acc: 0000, samples: 7/1
display  D   display_settings.c:529  _al_score_display_settings       [   0.02799] Score is : 713
display  D   display_settings.c:214  debug_display_settings           [   0.02801] color: 16 (rgba 5650), depth: 24, stencil: 0, acc: 0000, samples: 8/1
display  D   display_settings.c:529  _al_score_display_settings       [   0.02804] Score is : 712
display  D   display_settings.c:214  debug_display_settings           [   0.02807] color: 16 (rgba 5650), depth: 16, stencil: 0, acc: 0000, samples: 0/0
display  D   display_settings.c:529  _al_score_display_settings       [   0.02810] Score is : 897
display  D   display_settings.c:214  debug_display_settings           [   0.02812] color: 16 (rgba 5650), depth: 16, stencil: 0, acc: 0000, samples: 0/0
display  D   display_settings.c:529  _al_score_display_settings       [   0.02815] Score is : 897
display  D   display_settings.c:214  debug_display_settings           [   0.02818] color: 16 (rgba 5650), depth: 16, stencil: 0, acc: 0000, samples: 2/1
display  D   display_settings.c:529  _al_score_display_settings       [   0.02821] Score is : 726
display  D   display_settings.c:214  debug_display_settings           [   0.02823] color: 16 (rgba 5650), depth: 16, stencil: 0, acc: 0000, samples: 3/1
display  D   display_settings.c:529  _al_score_display_settings       [   0.02826] Score is : 721
display  D   display_settings.c:214  debug_display_settings           [   0.02829] color: 16 (rgba 5650), depth: 16, stencil: 0, acc: 0000, samples: 4/1
display  D   display_settings.c:529  _al_score_display_settings       [   0.02832] Score is : 717
display  D   display_settings.c:214  debug_display_settings           [   0.02834] color: 16 (rgba 5650), depth: 16, stencil: 0, acc: 0000, samples: 5/1
display  D   display_settings.c:529  _al_score_display_settings       [   0.02837] Score is : 715
display  D   display_settings.c:214  debug_display_settings           [   0.02840] color: 16 (rgba 5650), depth: 16, stencil: 0, acc: 0000, samples: 6/1
display  D   display_settings.c:529  _al_score_display_settings       [   0.02843] Score is : 714
display  D   display_settings.c:214  debug_display_settings           [   0.02845] color: 16 (rgba 5650), depth: 16, stencil: 0, acc: 0000, samples: 7/1
display  D   display_settings.c:529  _al_score_display_settings       [   0.02849] Score is : 713
display  D   display_settings.c:214  debug_display_settings           [   0.02852] color: 16 (rgba 5650), depth: 16, stencil: 0, acc: 0000, samples: 8/1
display  D   display_settings.c:529  _al_score_display_settings       [   0.02855] Score is : 712
display  D   display_settings.c:214  debug_display_settings           [   0.02858] color: 32 (rgba 8880), depth: 0, stencil: 0, acc: 0000, samples: 0/0
display  D   display_settings.c:400  _al_score_display_settings       [   0.02861] Single Buffer requirement not met.
display  D   display_settings.c:214  debug_display_settings           [   0.02867] color: 32 (rgba 8880), depth: 0, stencil: 0, acc: 0000, samples: 0/0
display  D   display_settings.c:400  _al_score_display_settings       [   0.02870] Single Buffer requirement not met.
display  D   display_settings.c:214  debug_display_settings           [   0.02873] color: 32 (rgba 8880), depth: 0, stencil: 0, acc: 0000, samples: 2/1
display  D   display_settings.c:400  _al_score_display_settings       [   0.02876] Single Buffer requirement not met.
display  D   display_settings.c:214  debug_display_settings           [   0.02879] color: 32 (rgba 8880), depth: 0, stencil: 0, acc: 0000, samples: 3/1
display  D   display_settings.c:400  _al_score_display_settings       [   0.02882] Single Buffer requirement not met.
display  D   display_settings.c:214  debug_display_settings           [   0.02884] color: 32 (rgba 8880), depth: 0, stencil: 0, acc: 0000, samples: 4/1
display  D   display_settings.c:400  _al_score_display_settings       [   0.02887] Single Buffer requirement not met.
display  D   display_settings.c:214  debug_display_settings           [   0.02890] color: 32 (rgba 8880), depth: 0, stencil: 0, acc: 0000, samples: 5/1
display  D   display_settings.c:400  _al_score_display_settings       [   0.02893] Single Buffer requirement not met.
display  D   display_settings.c:214  debug_display_settings           [   0.02895] color: 32 (rgba 8880), depth: 0, stencil: 0, acc: 0000, samples: 6/1
display  D   display_settings.c:400  _al_score_display_settings       [   0.02898] Single Buffer requirement not met.
display  D   display_settings.c:214  debug_display_settings           [   0.02901] color: 32 (rgba 8880), depth: 0, stencil: 0, acc: 0000, samples: 7/1
display  D   display_settings.c:400  _al_score_display_settings       [   0.02904] Single Buffer requirement not met.
display  D   display_settings.c:214  debug_display_settings           [   0.02906] color: 32 (rgba 8880), depth: 0, stencil: 0, acc: 0000, samples: 8/1
display  D   display_settings.c:400  _al_score_display_settings       [   0.02909] Single Buffer requirement not met.
display  D   display_settings.c:214  debug_display_settings           [   0.02912] color: 32 (rgba 8880), depth: 24, stencil: 8, acc: 0000, samples: 0/0
display  D   display_settings.c:400  _al_score_display_settings       [   0.02915] Single Buffer requirement not met.
display  D   display_settings.c:214  debug_display_settings           [   0.02917] color: 32 (rgba 8880), depth: 24, stencil: 8, acc: 0000, samples: 0/0
display  D   display_settings.c:400  _al_score_display_settings       [   0.02920] Single Buffer requirement not met.
display  D   display_settings.c:214  debug_display_settings           [   0.02923] color: 32 (rgba 8880), depth: 24, stencil: 8, acc: 0000, samples: 2/1
display  D   display_settings.c:400  _al_score_display_settings       [   0.02926] Single Buffer requirement not met.
display  D   display_settings.c:214  debug_display_settings           [   0.02928] color: 32 (rgba 8880), depth: 24, stencil: 8, acc: 0000, samples: 3/1
display  D   display_settings.c:400  _al_score_display_settings       [   0.02931] Single Buffer requirement not met.
display  D   display_settings.c:214  debug_display_settings           [   0.02934] color: 32 (rgba 8880), depth: 24, stencil: 8, acc: 0000, samples: 4/1
display  D   display_settings.c:400  _al_score_display_settings       [   0.02937] Single Buffer requirement not met.
display  D   display_settings.c:214  debug_display_settings           [   0.02939] color: 32 (rgba 8880), depth: 24, stencil: 8, acc: 0000, samples: 5/1
display  D   display_settings.c:400  _al_score_display_settings       [   0.02942] Single Buffer requirement not met.
display  D   display_settings.c:214  debug_display_settings           [   0.02945] color: 32 (rgba 8880), depth: 24, stencil: 8, acc: 0000, samples: 6/1
display  D   display_settings.c:400  _al_score_display_settings       [   0.02948] Single Buffer requirement not met.
display  D   display_settings.c:214  debug_display_settings           [   0.02950] color: 32 (rgba 8880), depth: 24, stencil: 8, acc: 0000, samples: 7/1
display  D   display_settings.c:400  _al_score_display_settings       [   0.02954] Single Buffer requirement not met.
display  D   display_settings.c:214  debug_display_settings           [   0.02956] color: 32 (rgba 8880), depth: 24, stencil: 8, acc: 0000, samples: 8/1
display  D   display_settings.c:400  _al_score_display_settings       [   0.02959] Single Buffer requirement not met.
display  D   display_settings.c:214  debug_display_settings           [   0.02962] color: 32 (rgba 8880), depth: 24, stencil: 0, acc: 0000, samples: 0/0
display  D   display_settings.c:400  _al_score_display_settings       [   0.02965] Single Buffer requirement not met.
display  D   display_settings.c:214  debug_display_settings           [   0.02967] color: 32 (rgba 8880), depth: 24, stencil: 0, acc: 0000, samples: 0/0
display  D   display_settings.c:400  _al_score_display_settings       [   0.02970] Single Buffer requirement not met.
display  D   display_settings.c:214  debug_display_settings           [   0.02973] color: 32 (rgba 8880), depth: 24, stencil: 0, acc: 0000, samples: 2/1
display  D   display_settings.c:400  _al_score_display_settings       [   0.02976] Single Buffer requirement not met.
display  D   display_settings.c:214  debug_display_settings           [   0.02978] color: 32 (rgba 8880), depth: 24, stencil: 0, acc: 0000, samples: 3/1
display  D   display_settings.c:400  _al_score_display_settings       [   0.02981] Single Buffer requirement not met.
display  D   display_settings.c:214  debug_display_settings           [   0.02984] color: 32 (rgba 8880), depth: 24, stencil: 0, acc: 0000, samples: 4/1
display  D   display_settings.c:400  _al_score_display_settings       [   0.02987] Single Buffer requirement not met.
display  D   display_settings.c:214  debug_display_settings           [   0.02989] color: 32 (rgba 8880), depth: 24, stencil: 0, acc: 0000, samples: 5/1
display  D   display_settings.c:400  _al_score_display_settings       [   0.02992] Single Buffer requirement not met.
display  D   display_settings.c:214  debug_display_settings           [   0.02995] color: 32 (rgba 8880), depth: 24, stencil: 0, acc: 0000, samples: 6/1
display  D   display_settings.c:400  _al_score_display_settings       [   0.02998] Single Buffer requirement not met.
display  D   display_settings.c:214  debug_display_settings           [   0.03000] color: 32 (rgba 8880), depth: 24, stencil: 0, acc: 0000, samples: 7/1
display  D   display_settings.c:400  _al_score_display_settings       [   0.03003] Single Buffer requirement not met.
display  D   display_settings.c:214  debug_display_settings           [   0.03006] color: 32 (rgba 8880), depth: 24, stencil: 0, acc: 0000, samples: 8/1
display  D   display_settings.c:400  _al_score_display_settings       [   0.03009] Single Buffer requirement not met.
display  D   display_settings.c:214  debug_display_settings           [   0.03011] color: 32 (rgba 8880), depth: 16, stencil: 0, acc: 0000, samples: 0/0
display  D   display_settings.c:400  _al_score_display_settings       [   0.03014] Single Buffer requirement not met.
display  D   display_settings.c:214  debug_display_settings           [   0.03017] color: 32 (rgba 8880), depth: 16, stencil: 0, acc: 0000, samples: 0/0
display  D   display_settings.c:400  _al_score_display_settings       [   0.03020] Single Buffer requirement not met.
display  D   display_settings.c:214  debug_display_settings           [   0.03022] color: 32 (rgba 8880), depth: 16, stencil: 0, acc: 0000, samples: 2/1
display  D   display_settings.c:400  _al_score_display_settings       [   0.03025] Single Buffer requirement not met.
display  D   display_settings.c:214  debug_display_settings           [   0.03028] color: 32 (rgba 8880), depth: 16, stencil: 0, acc: 0000, samples: 3/1
display  D   display_settings.c:400  _al_score_display_settings       [   0.03031] Single Buffer requirement not met.
display  D   display_settings.c:214  debug_display_settings           [   0.03033] color: 32 (rgba 8880), depth: 16, stencil: 0, acc: 0000, samples: 4/1
display  D   display_settings.c:400  _al_score_display_settings       [   0.03036] Single Buffer requirement not met.
display  D   display_settings.c:214  debug_display_settings           [   0.03039] color: 32 (rgba 8880), depth: 16, stencil: 0, acc: 0000, samples: 5/1
display  D   display_settings.c:400  _al_score_display_settings       [   0.03042] Single Buffer requirement not met.
display  D   display_settings.c:214  debug_display_settings           [   0.03045] color: 32 (rgba 8880), depth: 16, stencil: 0, acc: 0000, samples: 6/1
display  D   display_settings.c:400  _al_score_display_settings       [   0.03048] Single Buffer requirement not met.
display  D   display_settings.c:214  debug_display_settings           [   0.03050] color: 32 (rgba 8880), depth: 16, stencil: 0, acc: 0000, samples: 7/1
display  D   display_settings.c:400  _al_score_display_settings       [   0.03053] Single Buffer requirement not met.
display  D   display_settings.c:214  debug_display_settings           [   0.03055] color: 32 (rgba 8880), depth: 16, stencil: 0, acc: 0000, samples: 8/1
display  D   display_settings.c:400  _al_score_display_settings       [   0.03058] Single Buffer requirement not met.
display  D   display_settings.c:214  debug_display_settings           [   0.03061] color: 16 (rgba 5650), depth: 0, stencil: 0, acc: 0000, samples: 0/0
display  D   display_settings.c:400  _al_score_display_settings       [   0.03064] Single Buffer requirement not met.
display  D   display_settings.c:214  debug_display_settings           [   0.03066] color: 16 (rgba 5650), depth: 0, stencil: 0, acc: 0000, samples: 0/0
display  D   display_settings.c:400  _al_score_display_settings       [   0.03069] Single Buffer requirement not met.
display  D   display_settings.c:214  debug_display_settings           [   0.03072] color: 16 (rgba 5650), depth: 0, stencil: 0, acc: 0000, samples: 2/1
display  D   display_settings.c:400  _al_score_display_settings       [   0.03075] Single Buffer requirement not met.
display  D   display_settings.c:214  debug_display_settings           [   0.03077] color: 16 (rgba 5650), depth: 0, stencil: 0, acc: 0000, samples: 3/1
display  D   display_settings.c:400  _al_score_display_settings       [   0.03080] Single Buffer requirement not met.
display  D   display_settings.c:214  debug_display_settings           [   0.03083] color: 16 (rgba 5650), depth: 0, stencil: 0, acc: 0000, samples: 4/1
display  D   display_settings.c:400  _al_score_display_settings       [   0.03086] Single Buffer requirement not met.
display  D   display_settings.c:214  debug_display_settings           [   0.03088] color: 16 (rgba 5650), depth: 0, stencil: 0, acc: 0000, samples: 5/1
display  D   display_settings.c:400  _al_score_display_settings       [   0.03091] Single Buffer requirement not met.
display  D   display_settings.c:214  debug_display_settings           [   0.03094] color: 16 (rgba 5650), depth: 0, stencil: 0, acc: 0000, samples: 6/1
display  D   display_settings.c:400  _al_score_display_settings       [   0.03097] Single Buffer requirement not met.
display  D   display_settings.c:214  debug_display_settings           [   0.03099] color: 16 (rgba 5650), depth: 0, stencil: 0, acc: 0000, samples: 7/1
display  D   display_settings.c:400  _al_score_display_settings       [   0.03102] Single Buffer requirement not met.
display  D   display_settings.c:214  debug_display_settings           [   0.03105] color: 16 (rgba 5650), depth: 0, stencil: 0, acc: 0000, samples: 8/1
display  D   display_settings.c:400  _al_score_display_settings       [   0.03108] Single Buffer requirement not met.
display  D   display_settings.c:214  debug_display_settings           [   0.03110] color: 16 (rgba 5650), depth: 24, stencil: 8, acc: 0000, samples: 0/0
display  D   display_settings.c:400  _al_score_display_settings       [   0.03113] Single Buffer requirement not met.
display  D   display_settings.c:214  debug_display_settings           [   0.03116] color: 16 (rgba 5650), depth: 24, stencil: 8, acc: 0000, samples: 0/0
display  D   display_settings.c:400  _al_score_display_settings       [   0.03119] Single Buffer requirement not met.
display  D   display_settings.c:214  debug_display_settings           [   0.03121] color: 16 (rgba 5650), depth: 24, stencil: 8, acc: 0000, samples: 2/1
display  D   display_settings.c:400  _al_score_display_settings       [   0.03124] Single Buffer requirement not met.
display  D   display_settings.c:214  debug_display_settings           [   0.03127] color: 16 (rgba 5650), depth: 24, stencil: 8, acc: 0000, samples: 3/1
display  D   display_settings.c:400  _al_score_display_settings       [   0.03130] Single Buffer requirement not met.
display  D   display_settings.c:214  debug_display_settings           [   0.03133] color: 16 (rgba 5650), depth: 24, stencil: 8, acc: 0000, samples: 4/1
display  D   display_settings.c:400  _al_score_display_settings       [   0.03135] Single Buffer requirement not met.
display  D   display_settings.c:214  debug_display_settings           [   0.03138] color: 16 (rgba 5650), depth: 24, stencil: 8, acc: 0000, samples: 5/1
display  D   display_settings.c:400  _al_score_display_settings       [   0.03141] Single Buffer requirement not met.
display  D   display_settings.c:214  debug_display_settings           [   0.03143] color: 16 (rgba 5650), depth: 24, stencil: 8, acc: 0000, samples: 6/1
display  D   display_settings.c:400  _al_score_display_settings       [   0.03146] Single Buffer requirement not met.
display  D   display_settings.c:214  debug_display_settings           [   0.03149] color: 16 (rgba 5650), depth: 24, stencil: 8, acc: 0000, samples: 7/1
display  D   display_settings.c:400  _al_score_display_settings       [   0.03152] Single Buffer requirement not met.
display  D   display_settings.c:214  debug_display_settings           [   0.03154] color: 16 (rgba 5650), depth: 24, stencil: 8, acc: 0000, samples: 8/1
display  D   display_settings.c:400  _al_score_display_settings       [   0.03158] Single Buffer requirement not met.
display  D   display_settings.c:214  debug_display_settings           [   0.03160] color: 16 (rgba 5650), depth: 24, stencil: 0, acc: 0000, samples: 0/0
display  D   display_settings.c:400  _al_score_display_settings       [   0.03163] Single Buffer requirement not met.
display  D   display_settings.c:214  debug_display_settings           [   0.03165] color: 16 (rgba 5650), depth: 24, stencil: 0, acc: 0000, samples: 0/0
display  D   display_settings.c:400  _al_score_display_settings       [   0.03168] Single Buffer requirement not met.
display  D   display_settings.c:214  debug_display_settings           [   0.03171] color: 16 (rgba 5650), depth: 24, stencil: 0, acc: 0000, samples: 2/1
display  D   display_settings.c:400  _al_score_display_settings       [   0.03174] Single Buffer requirement not met.
display  D   display_settings.c:214  debug_display_settings           [   0.03176] color: 16 (rgba 5650), depth: 24, stencil: 0, acc: 0000, samples: 3/1
display  D   display_settings.c:400  _al_score_display_settings       [   0.03179] Single Buffer requirement not met.
display  D   display_settings.c:214  debug_display_settings           [   0.03182] color: 16 (rgba 5650), depth: 24, stencil: 0, acc: 0000, samples: 4/1
display  D   display_settings.c:400  _al_score_display_settings       [   0.03185] Single Buffer requirement not met.
display  D   display_settings.c:214  debug_display_settings           [   0.03187] color: 16 (rgba 5650), depth: 24, stencil: 0, acc: 0000, samples: 5/1
display  D   display_settings.c:400  _al_score_display_settings       [   0.03190] Single Buffer requirement not met.
display  D   display_settings.c:214  debug_display_settings           [   0.03193] color: 16 (rgba 5650), depth: 24, stencil: 0, acc: 0000, samples: 6/1
display  D   display_settings.c:400  _al_score_display_settings       [   0.03196] Single Buffer requirement not met.
display  D   display_settings.c:214  debug_display_settings           [   0.03198] color: 16 (rgba 5650), depth: 24, stencil: 0, acc: 0000, samples: 7/1
display  D   display_settings.c:400  _al_score_display_settings       [   0.03202] Single Buffer requirement not met.
display  D   display_settings.c:214  debug_display_settings           [   0.03204] color: 16 (rgba 5650), depth: 24, stencil: 0, acc: 0000, samples: 8/1
display  D   display_settings.c:400  _al_score_display_settings       [   0.03207] Single Buffer requirement not met.
display  D   display_settings.c:214  debug_display_settings           [   0.03210] color: 16 (rgba 5650), depth: 16, stencil: 0, acc: 0000, samples: 0/0
display  D   display_settings.c:400  _al_score_display_settings       [   0.03213] Single Buffer requirement not met.
display  D   display_settings.c:214  debug_display_settings           [   0.03215] color: 16 (rgba 5650), depth: 16, stencil: 0, acc: 0000, samples: 0/0
display  D   display_settings.c:400  _al_score_display_settings       [   0.03218] Single Buffer requirement not met.
display  D   display_settings.c:214  debug_display_settings           [   0.03221] color: 16 (rgba 5650), depth: 16, stencil: 0, acc: 0000, samples: 2/1
display  D   display_settings.c:400  _al_score_display_settings       [   0.03223] Single Buffer requirement not met.
display  D   display_settings.c:214  debug_display_settings           [   0.03226] color: 16 (rgba 5650), depth: 16, stencil: 0, acc: 0000, samples: 3/1
display  D   display_settings.c:400  _al_score_display_settings       [   0.03229] Single Buffer requirement not met.
display  D   display_settings.c:214  debug_display_settings           [   0.03231] color: 16 (rgba 5650), depth: 16, stencil: 0, acc: 0000, samples: 4/1
display  D   display_settings.c:400  _al_score_display_settings       [   0.03234] Single Buffer requirement not met.
display  D   display_settings.c:214  debug_display_settings           [   0.03237] color: 16 (rgba 5650), depth: 16, stencil: 0, acc: 0000, samples: 5/1
display  D   display_settings.c:400  _al_score_display_settings       [   0.03240] Single Buffer requirement not met.
display  D   display_settings.c:214  debug_display_settings           [   0.03242] color: 16 (rgba 5650), depth: 16, stencil: 0, acc: 0000, samples: 6/1
display  D   display_settings.c:400  _al_score_display_settings       [   0.03245] Single Buffer requirement not met.
display  D   display_settings.c:214  debug_display_settings           [   0.03248] color: 16 (rgba 5650), depth: 16, stencil: 0, acc: 0000, samples: 7/1
display  D   display_settings.c:400  _al_score_display_settings       [   0.03251] Single Buffer requirement not met.
display  D   display_settings.c:214  debug_display_settings           [   0.03253] color: 16 (rgba 5650), depth: 16, stencil: 0, acc: 0000, samples: 8/1
display  D   display_settings.c:400  _al_score_display_settings       [   0.03256] Single Buffer requirement not met.
display  D   display_settings.c:214  debug_display_settings           [   0.03259] color: 32 (rgba 8880), depth: 0, stencil: 0, acc: 0000, samples: 0/0
display  D   display_settings.c:529  _al_score_display_settings       [   0.03262] Score is : 769
display  D   display_settings.c:214  debug_display_settings           [   0.03264] color: 32 (rgba 8880), depth: 0, stencil: 0, acc: 0000, samples: 0/0
display  D   display_settings.c:529  _al_score_display_settings       [   0.03267] Score is : 769
display  D   display_settings.c:214  debug_display_settings           [   0.03270] color: 32 (rgba 8880), depth: 0, stencil: 0, acc: 0000, samples: 2/1
display  D   display_settings.c:529  _al_score_display_settings       [   0.03273] Score is : 598
display  D   display_settings.c:214  debug_display_settings           [   0.03275] color: 32 (rgba 8880), depth: 0, stencil: 0, acc: 0000, samples: 3/1
display  D   display_settings.c:529  _al_score_display_settings       [   0.03278] Score is : 593
display  D   display_settings.c:214  debug_display_settings           [   0.03281] color: 32 (rgba 8880), depth: 0, stencil: 0, acc: 0000, samples: 4/1
display  D   display_settings.c:529  _al_score_display_settings       [   0.03284] Score is : 589
display  D   display_settings.c:214  debug_display_settings           [   0.03287] color: 32 (rgba 8880), depth: 0, stencil: 0, acc: 0000, samples: 5/1
display  D   display_settings.c:529  _al_score_display_settings       [   0.03290] Score is : 587
display  D   display_settings.c:214  debug_display_settings           [   0.03292] color: 32 (rgba 8880), depth: 0, stencil: 0, acc: 0000, samples: 6/1
display  D   display_settings.c:529  _al_score_display_settings       [   0.03295] Score is : 586
display  D   display_settings.c:214  debug_display_settings           [   0.03298] color: 32 (rgba 8880), depth: 0, stencil: 0, acc: 0000, samples: 7/1
display  D   display_settings.c:529  _al_score_display_settings       [   0.03301] Score is : 585
display  D   display_settings.c:214  debug_display_settings           [   0.03303] color: 32 (rgba 8880), depth: 0, stencil: 0, acc: 0000, samples: 8/1
display  D   display_settings.c:529  _al_score_display_settings       [   0.03306] Score is : 584
display  D   display_settings.c:214  debug_display_settings           [   0.03309] color: 32 (rgba 8880), depth: 24, stencil: 8, acc: 0000, samples: 0/0
display  D   display_settings.c:529  _al_score_display_settings       [   0.03312] Score is : 769
display  D   display_settings.c:214  debug_display_settings           [   0.03314] color: 32 (rgba 8880), depth: 24, stencil: 8, acc: 0000, samples: 0/0
display  D   display_settings.c:529  _al_score_display_settings       [   0.03317] Score is : 769
display  D   display_settings.c:214  debug_display_settings           [   0.03319] color: 32 (rgba 8880), depth: 24, stencil: 8, acc: 0000, samples: 2/1
display  D   display_settings.c:529  _al_score_display_settings       [   0.03322] Score is : 598
display  D   display_settings.c:214  debug_display_settings           [   0.03325] color: 32 (rgba 8880), depth: 24, stencil: 8, acc: 0000, samples: 3/1
display  D   display_settings.c:529  _al_score_display_settings       [   0.03328] Score is : 593
display  D   display_settings.c:214  debug_display_settings           [   0.03330] color: 32 (rgba 8880), depth: 24, stencil: 8, acc: 0000, samples: 4/1
display  D   display_settings.c:529  _al_score_display_settings       [   0.03333] Score is : 589
display  D   display_settings.c:214  debug_display_settings           [   0.03336] color: 32 (rgba 8880), depth: 24, stencil: 8, acc: 0000, samples: 5/1
display  D   display_settings.c:529  _al_score_display_settings       [   0.03339] Score is : 587
display  D   display_settings.c:214  debug_display_settings           [   0.03341] color: 32 (rgba 8880), depth: 24, stencil: 8, acc: 0000, samples: 6/1
display  D   display_settings.c:529  _al_score_display_settings       [   0.03344] Score is : 586
display  D   display_settings.c:214  debug_display_settings           [   0.03347] color: 32 (rgba 8880), depth: 24, stencil: 8, acc: 0000, samples: 7/1
display  D   display_settings.c:529  _al_score_display_settings       [   0.03350] Score is : 585
display  D   display_settings.c:214  debug_display_settings           [   0.03352] color: 32 (rgba 8880), depth: 24, stencil: 8, acc: 0000, samples: 8/1
display  D   display_settings.c:529  _al_score_display_settings       [   0.03355] Score is : 584
display  D   display_settings.c:214  debug_display_settings           [   0.03358] color: 32 (rgba 8880), depth: 24, stencil: 0, acc: 0000, samples: 0/0
display  D   display_settings.c:529  _al_score_display_settings       [   0.03361] Score is : 769
display  D   display_settings.c:214  debug_display_settings           [   0.03363] color: 32 (rgba 8880), depth: 24, stencil: 0, acc: 0000, samples: 0/0
display  D   display_settings.c:529  _al_score_display_settings       [   0.03366] Score is : 769
display  D   display_settings.c:214  debug_display_settings           [   0.03369] color: 32 (rgba 8880), depth: 24, stencil: 0, acc: 0000, samples: 2/1
display  D   display_settings.c:529  _al_score_display_settings       [   0.03372] Score is : 598
display  D   display_settings.c:214  debug_display_settings           [   0.03374] color: 32 (rgba 8880), depth: 24, stencil: 0, acc: 0000, samples: 3/1
display  D   display_settings.c:529  _al_score_display_settings       [   0.03377] Score is : 593
display  D   display_settings.c:214  debug_display_settings           [   0.03380] color: 32 (rgba 8880), depth: 24, stencil: 0, acc: 0000, samples: 4/1
display  D   display_settings.c:529  _al_score_display_settings       [   0.03383] Score is : 589
display  D   display_settings.c:214  debug_display_settings           [   0.03385] color: 32 (rgba 8880), depth: 24, stencil: 0, acc: 0000, samples: 5/1
display  D   display_settings.c:529  _al_score_display_settings       [   0.03388] Score is : 587
display  D   display_settings.c:214  debug_display_settings           [   0.03391] color: 32 (rgba 8880), depth: 24, stencil: 0, acc: 0000, samples: 6/1
display  D   display_settings.c:529  _al_score_display_settings       [   0.03394] Score is : 586
display  D   display_settings.c:214  debug_display_settings           [   0.03396] color: 32 (rgba 8880), depth: 24, stencil: 0, acc: 0000, samples: 7/1
display  D   display_settings.c:529  _al_score_display_settings       [   0.03399] Score is : 585
display  D   display_settings.c:214  debug_display_settings           [   0.03402] color: 32 (rgba 8880), depth: 24, stencil: 0, acc: 0000, samples: 8/1
display  D   display_settings.c:529  _al_score_display_settings       [   0.03405] Score is : 584
display  D   display_settings.c:214  debug_display_settings           [   0.03407] color: 32 (rgba 8880), depth: 16, stencil: 0, acc: 0000, samples: 0/0
display  D   display_settings.c:529  _al_score_display_settings       [   0.03410] Score is : 769
display  D   display_settings.c:214  debug_display_settings           [   0.03413] color: 32 (rgba 8880), depth: 16, stencil: 0, acc: 0000, samples: 0/0
display  D   display_settings.c:529  _al_score_display_settings       [   0.03416] Score is : 769
display  D   display_settings.c:214  debug_display_settings           [   0.03418] color: 32 (rgba 8880), depth: 16, stencil: 0, acc: 0000, samples: 2/1
display  D   display_settings.c:529  _al_score_display_settings       [   0.03421] Score is : 598
display  D   display_settings.c:214  debug_display_settings           [   0.03424] color: 32 (rgba 8880), depth: 16, stencil: 0, acc: 0000, samples: 3/1
display  D   display_settings.c:529  _al_score_display_settings       [   0.03427] Score is : 593
display  D   display_settings.c:214  debug_display_settings           [   0.03429] color: 32 (rgba 8880), depth: 16, stencil: 0, acc: 0000, samples: 4/1
display  D   display_settings.c:529  _al_score_display_settings       [   0.03432] Score is : 589
display  D   display_settings.c:214  debug_display_settings           [   0.03435] color: 32 (rgba 8880), depth: 16, stencil: 0, acc: 0000, samples: 5/1
display  D   display_settings.c:529  _al_score_display_settings       [   0.03438] Score is : 587
display  D   display_settings.c:214  debug_display_settings           [   0.03440] color: 32 (rgba 8880), depth: 16, stencil: 0, acc: 0000, samples: 6/1
display  D   display_settings.c:529  _al_score_display_settings       [   0.03443] Score is : 586
display  D   display_settings.c:214  debug_display_settings           [   0.03446] color: 32 (rgba 8880), depth: 16, stencil: 0, acc: 0000, samples: 7/1
display  D   display_settings.c:529  _al_score_display_settings       [   0.03449] Score is : 585
display  D   display_settings.c:214  debug_display_settings           [   0.03453] color: 32 (rgba 8880), depth: 16, stencil: 0, acc: 0000, samples: 8/1
display  D   display_settings.c:529  _al_score_display_settings       [   0.03456] Score is : 584
display  D   display_settings.c:214  debug_display_settings           [   0.03459] color: 16 (rgba 5650), depth: 0, stencil: 0, acc: 0000, samples: 0/0
display  D   display_settings.c:529  _al_score_display_settings       [   0.03461] Score is : 769
display  D   display_settings.c:214  debug_display_settings           [   0.03464] color: 16 (rgba 5650), depth: 0, stencil: 0, acc: 0000, samples: 0/0
display  D   display_settings.c:529  _al_score_display_settings       [   0.03467] Score is : 769
display  D   display_settings.c:214  debug_display_settings           [   0.03470] color: 16 (rgba 5650), depth: 0, stencil: 0, acc: 0000, samples: 2/1
display  D   display_settings.c:529  _al_score_display_settings       [   0.03473] Score is : 598
display  D   display_settings.c:214  debug_display_settings           [   0.03475] color: 16 (rgba 5650), depth: 0, stencil: 0, acc: 0000, samples: 3/1
display  D   display_settings.c:529  _al_score_display_settings       [   0.03479] Score is : 593
display  D   display_settings.c:214  debug_display_settings           [   0.03482] color: 16 (rgba 5650), depth: 0, stencil: 0, acc: 0000, samples: 4/1
display  D   display_settings.c:529  _al_score_display_settings       [   0.03486] Score is : 589
display  D   display_settings.c:214  debug_display_settings           [   0.03490] color: 16 (rgba 5650), depth: 0, stencil: 0, acc: 0000, samples: 5/1
display  D   display_settings.c:529  _al_score_display_settings       [   0.03494] Score is : 587
display  D   display_settings.c:214  debug_display_settings           [   0.03498] color: 16 (rgba 5650), depth: 0, stencil: 0, acc: 0000, samples: 6/1
display  D   display_settings.c:529  _al_score_display_settings       [   0.03507] Score is : 586
display  D   display_settings.c:214  debug_display_settings           [   0.03515] color: 16 (rgba 5650), depth: 0, stencil: 0, acc: 0000, samples: 7/1
display  D   display_settings.c:529  _al_score_display_settings       [   0.03518] Score is : 585
display  D   display_settings.c:214  debug_display_settings           [   0.03521] color: 16 (rgba 5650), depth: 0, stencil: 0, acc: 0000, samples: 8/1
display  D   display_settings.c:529  _al_score_display_settings       [   0.03524] Score is : 584
display  D   display_settings.c:214  debug_display_settings           [   0.03526] color: 16 (rgba 5650), depth: 24, stencil: 8, acc: 0000, samples: 0/0
display  D   display_settings.c:529  _al_score_display_settings       [   0.03529] Score is : 769
display  D   display_settings.c:214  debug_display_settings           [   0.03532] color: 16 (rgba 5650), depth: 24, stencil: 8, acc: 0000, samples: 0/0
display  D   display_settings.c:529  _al_score_display_settings       [   0.03535] Score is : 769
display  D   display_settings.c:214  debug_display_settings           [   0.03537] color: 16 (rgba 5650), depth: 24, stencil: 8, acc: 0000, samples: 2/1
display  D   display_settings.c:529  _al_score_display_settings       [   0.03540] Score is : 598
display  D   display_settings.c:214  debug_display_settings           [   0.03543] color: 16 (rgba 5650), depth: 24, stencil: 8, acc: 0000, samples: 3/1
display  D   display_settings.c:529  _al_score_display_settings       [   0.03546] Score is : 593
display  D   display_settings.c:214  debug_display_settings           [   0.03548] color: 16 (rgba 5650), depth: 24, stencil: 8, acc: 0000, samples: 4/1
display  D   display_settings.c:529  _al_score_display_settings       [   0.03551] Score is : 589
display  D   display_settings.c:214  debug_display_settings           [   0.03554] color: 16 (rgba 5650), depth: 24, stencil: 8, acc: 0000, samples: 5/1
display  D   display_settings.c:529  _al_score_display_settings       [   0.03557] Score is : 587
display  D   display_settings.c:214  debug_display_settings           [   0.03559] color: 16 (rgba 5650), depth: 24, stencil: 8, acc: 0000, samples: 6/1
display  D   display_settings.c:529  _al_score_display_settings       [   0.03562] Score is : 586
display  D   display_settings.c:214  debug_display_settings           [   0.03565] color: 16 (rgba 5650), depth: 24, stencil: 8, acc: 0000, samples: 7/1
display  D   display_settings.c:529  _al_score_display_settings       [   0.03568] Score is : 585
display  D   display_settings.c:214  debug_display_settings           [   0.03570] color: 16 (rgba 5650), depth: 24, stencil: 8, acc: 0000, samples: 8/1
display  D   display_settings.c:529  _al_score_display_settings       [   0.03573] Score is : 584
display  D   display_settings.c:214  debug_display_settings           [   0.03576] color: 16 (rgba 5650), depth: 24, stencil: 0, acc: 0000, samples: 0/0
display  D   display_settings.c:529  _al_score_display_settings       [   0.03579] Score is : 769
display  D   display_settings.c:214  debug_display_settings           [   0.03581] color: 16 (rgba 5650), depth: 24, stencil: 0, acc: 0000, samples: 0/0
display  D   display_settings.c:529  _al_score_display_settings       [   0.03584] Score is : 769
display  D   display_settings.c:214  debug_display_settings           [   0.03587] color: 16 (rgba 5650), depth: 24, stencil: 0, acc: 0000, samples: 2/1
display  D   display_settings.c:529  _al_score_display_settings       [   0.03590] Score is : 598
display  D   display_settings.c:214  debug_display_settings           [   0.03592] color: 16 (rgba 5650), depth: 24, stencil: 0, acc: 0000, samples: 3/1
display  D   display_settings.c:529  _al_score_display_settings       [   0.03595] Score is : 593
display  D   display_settings.c:214  debug_display_settings           [   0.03598] color: 16 (rgba 5650), depth: 24, stencil: 0, acc: 0000, samples: 4/1
display  D   display_settings.c:529  _al_score_display_settings       [   0.03601] Score is : 589
display  D   display_settings.c:214  debug_display_settings           [   0.03603] color: 16 (rgba 5650), depth: 24, stencil: 0, acc: 0000, samples: 5/1
display  D   display_settings.c:529  _al_score_display_settings       [   0.03606] Score is : 587
display  D   display_settings.c:214  debug_display_settings           [   0.03608] color: 16 (rgba 5650), depth: 24, stencil: 0, acc: 0000, samples: 6/1
display  D   display_settings.c:529  _al_score_display_settings       [   0.03611] Score is : 586
display  D   display_settings.c:214  debug_display_settings           [   0.03614] color: 16 (rgba 5650), depth: 24, stencil: 0, acc: 0000, samples: 7/1
display  D   display_settings.c:529  _al_score_display_settings       [   0.03617] Score is : 585
display  D   display_settings.c:214  debug_display_settings           [   0.03619] color: 16 (rgba 5650), depth: 24, stencil: 0, acc: 0000, samples: 8/1
display  D   display_settings.c:529  _al_score_display_settings       [   0.03622] Score is : 584
display  D   display_settings.c:214  debug_display_settings           [   0.03625] color: 16 (rgba 5650), depth: 16, stencil: 0, acc: 0000, samples: 0/0
display  D   display_settings.c:529  _al_score_display_settings       [   0.03628] Score is : 769
display  D   display_settings.c:214  debug_display_settings           [   0.03630] color: 16 (rgba 5650), depth: 16, stencil: 0, acc: 0000, samples: 0/0
display  D   display_settings.c:529  _al_score_display_settings       [   0.03633] Score is : 769
display  D   display_settings.c:214  debug_display_settings           [   0.03636] color: 16 (rgba 5650), depth: 16, stencil: 0, acc: 0000, samples: 2/1
display  D   display_settings.c:529  _al_score_display_settings       [   0.03639] Score is : 598
display  D   display_settings.c:214  debug_display_settings           [   0.03641] color: 16 (rgba 5650), depth: 16, stencil: 0, acc: 0000, samples: 3/1
display  D   display_settings.c:529  _al_score_display_settings       [   0.03644] Score is : 593
display  D   display_settings.c:214  debug_display_settings           [   0.03647] color: 16 (rgba 5650), depth: 16, stencil: 0, acc: 0000, samples: 4/1
display  D   display_settings.c:529  _al_score_display_settings       [   0.03650] Score is : 589
display  D   display_settings.c:214  debug_display_settings           [   0.03652] color: 16 (rgba 5650), depth: 16, stencil: 0, acc: 0000, samples: 5/1
display  D   display_settings.c:529  _al_score_display_settings       [   0.03655] Score is : 587
display  D   display_settings.c:214  debug_display_settings           [   0.03658] color: 16 (rgba 5650), depth: 16, stencil: 0, acc: 0000, samples: 6/1
display  D   display_settings.c:529  _al_score_display_settings       [   0.03661] Score is : 586
display  D   display_settings.c:214  debug_display_settings           [   0.03663] color: 16 (rgba 5650), depth: 16, stencil: 0, acc: 0000, samples: 7/1
display  D   display_settings.c:529  _al_score_display_settings       [   0.03666] Score is : 585
display  D   display_settings.c:214  debug_display_settings           [   0.03669] color: 16 (rgba 5650), depth: 16, stencil: 0, acc: 0000, samples: 8/1
display  D   display_settings.c:529  _al_score_display_settings       [   0.03672] Score is : 584
display  D   display_settings.c:214  debug_display_settings           [   0.03674] color: 32 (rgba 8880), depth: 0, stencil: 0, acc: 0000, samples: 0/0
display  D   display_settings.c:400  _al_score_display_settings       [   0.03677] Single Buffer requirement not met.
display  D   display_settings.c:214  debug_display_settings           [   0.03680] color: 32 (rgba 8880), depth: 0, stencil: 0, acc: 0000, samples: 0/0
display  D   display_settings.c:400  _al_score_display_settings       [   0.03683] Single Buffer requirement not met.
display  D   display_settings.c:214  debug_display_settings           [   0.03685] color: 32 (rgba 8880), depth: 0, stencil: 0, acc: 0000, samples: 2/1
display  D   display_settings.c:400  _al_score_display_settings       [   0.03688] Single Buffer requirement not met.
display  D   display_settings.c:214  debug_display_settings           [   0.03691] color: 32 (rgba 8880), depth: 0, stencil: 0, acc: 0000, samples: 3/1
display  D   display_settings.c:400  _al_score_display_settings       [   0.03694] Single Buffer requirement not met.
display  D   display_settings.c:214  debug_display_settings           [   0.03696] color: 32 (rgba 8880), depth: 0, stencil: 0, acc: 0000, samples: 4/1
display  D   display_settings.c:400  _al_score_display_settings       [   0.03699] Single Buffer requirement not met.
display  D   display_settings.c:214  debug_display_settings           [   0.03702] color: 32 (rgba 8880), depth: 0, stencil: 0, acc: 0000, samples: 5/1
display  D   display_settings.c:400  _al_score_display_settings       [   0.03705] Single Buffer requirement not met.
display  D   display_settings.c:214  debug_display_settings           [   0.03707] color: 32 (rgba 8880), depth: 0, stencil: 0, acc: 0000, samples: 6/1
display  D   display_settings.c:400  _al_score_display_settings       [   0.03710] Single Buffer requirement not met.
display  D   display_settings.c:214  debug_display_settings           [   0.03712] color: 32 (rgba 8880), depth: 0, stencil: 0, acc: 0000, samples: 7/1
display  D   display_settings.c:400  _al_score_display_settings       [   0.03715] Single Buffer requirement not met.
display  D   display_settings.c:214  debug_display_settings           [   0.03718] color: 32 (rgba 8880), depth: 0, stencil: 0, acc: 0000, samples: 8/1
display  D   display_settings.c:400  _al_score_display_settings       [   0.03721] Single Buffer requirement not met.
display  D   display_settings.c:214  debug_display_settings           [   0.03723] color: 32 (rgba 8880), depth: 24, stencil: 8, acc: 0000, samples: 0/0
display  D   display_settings.c:400  _al_score_display_settings       [   0.03726] Single Buffer requirement not met.
display  D   display_settings.c:214  debug_display_settings           [   0.03729] color: 32 (rgba 8880), depth: 24, stencil: 8, acc: 0000, samples: 0/0
display  D   display_settings.c:400  _al_score_display_settings       [   0.03732] Single Buffer requirement not met.
display  D   display_settings.c:214  debug_display_settings           [   0.03734] color: 32 (rgba 8880), depth: 24, stencil: 8, acc: 0000, samples: 2/1
display  D   display_settings.c:400  _al_score_display_settings       [   0.03737] Single Buffer requirement not met.
display  D   display_settings.c:214  debug_display_settings           [   0.03740] color: 32 (rgba 8880), depth: 24, stencil: 8, acc: 0000, samples: 3/1
display  D   display_settings.c:400  _al_score_display_settings       [   0.03743] Single Buffer requirement not met.
display  D   display_settings.c:214  debug_display_settings           [   0.03746] color: 32 (rgba 8880), depth: 24, stencil: 8, acc: 0000, samples: 4/1
display  D   display_settings.c:400  _al_score_display_settings       [   0.03749] Single Buffer requirement not met.
display  D   display_settings.c:214  debug_display_settings           [   0.03751] color: 32 (rgba 8880), depth: 24, stencil: 8, acc: 0000, samples: 5/1
display  D   display_settings.c:400  _al_score_display_settings       [   0.03754] Single Buffer requirement not met.
display  D   display_settings.c:214  debug_display_settings           [   0.03757] color: 32 (rgba 8880), depth: 24, stencil: 8, acc: 0000, samples: 6/1
display  D   display_settings.c:400  _al_score_display_settings       [   0.03760] Single Buffer requirement not met.
display  D   display_settings.c:214  debug_display_settings           [   0.03762] color: 32 (rgba 8880), depth: 24, stencil: 8, acc: 0000, samples: 7/1
display  D   display_settings.c:400  _al_score_display_settings       [   0.03765] Single Buffer requirement not met.
display  D   display_settings.c:214  debug_display_settings           [   0.03768] color: 32 (rgba 8880), depth: 24, stencil: 8, acc: 0000, samples: 8/1
display  D   display_settings.c:400  _al_score_display_settings       [   0.03771] Single Buffer requirement not met.
display  D   display_settings.c:214  debug_display_settings           [   0.03773] color: 32 (rgba 8880), depth: 24, stencil: 0, acc: 0000, samples: 0/0
display  D   display_settings.c:400  _al_score_display_settings       [   0.03776] Single Buffer requirement not met.
display  D   display_settings.c:214  debug_display_settings           [   0.03779] color: 32 (rgba 8880), depth: 24, stencil: 0, acc: 0000, samples: 0/0
display  D   display_settings.c:400  _al_score_display_settings       [   0.03782] Single Buffer requirement not met.
display  D   display_settings.c:214  debug_display_settings           [   0.03784] color: 32 (rgba 8880), depth: 24, stencil: 0, acc: 0000, samples: 2/1
display  D   display_settings.c:400  _al_score_display_settings       [   0.03787] Single Buffer requirement not met.
display  D   display_settings.c:214  debug_display_settings           [   0.03789] color: 32 (rgba 8880), depth: 24, stencil: 0, acc: 0000, samples: 3/1
display  D   display_settings.c:400  _al_score_display_settings       [   0.03792] Single Buffer requirement not met.
display  D   display_settings.c:214  debug_display_settings           [   0.03795] color: 32 (rgba 8880), depth: 24, stencil: 0, acc: 0000, samples: 4/1
display  D   display_settings.c:400  _al_score_display_settings       [   0.03798] Single Buffer requirement not met.
display  D   display_settings.c:214  debug_display_settings           [   0.03800] color: 32 (rgba 8880), depth: 24, stencil: 0, acc: 0000, samples: 5/1
display  D   display_settings.c:400  _al_score_display_settings       [   0.03803] Single Buffer requirement not met.
display  D   display_settings.c:214  debug_display_settings           [   0.03806] color: 32 (rgba 8880), depth: 24, stencil: 0, acc: 0000, samples: 6/1
display  D   display_settings.c:400  _al_score_display_settings       [   0.03809] Single Buffer requirement not met.
display  D   display_settings.c:214  debug_display_settings           [   0.03811] color: 32 (rgba 8880), depth: 24, stencil: 0, acc: 0000, samples: 7/1
display  D   display_settings.c:400  _al_score_display_settings       [   0.03814] Single Buffer requirement not met.
display  D   display_settings.c:214  debug_display_settings           [   0.03817] color: 32 (rgba 8880), depth: 24, stencil: 0, acc: 0000, samples: 8/1
display  D   display_settings.c:400  _al_score_display_settings       [   0.03820] Single Buffer requirement not met.
display  D   display_settings.c:214  debug_display_settings           [   0.03822] color: 32 (rgba 8880), depth: 16, stencil: 0, acc: 0000, samples: 0/0
display  D   display_settings.c:400  _al_score_display_settings       [   0.03829] Single Buffer requirement not met.
display  D   display_settings.c:214  debug_display_settings           [   0.03832] color: 32 (rgba 8880), depth: 16, stencil: 0, acc: 0000, samples: 0/0
display  D   display_settings.c:400  _al_score_display_settings       [   0.03835] Single Buffer requirement not met.
display  D   display_settings.c:214  debug_display_settings           [   0.03838] color: 32 (rgba 8880), depth: 16, stencil: 0, acc: 0000, samples: 2/1
display  D   display_settings.c:400  _al_score_display_settings       [   0.03841] Single Buffer requirement not met.
display  D   display_settings.c:214  debug_display_settings           [   0.03843] color: 32 (rgba 8880), depth: 16, stencil: 0, acc: 0000, samples: 3/1
display  D   display_settings.c:400  _al_score_display_settings       [   0.03847] Single Buffer requirement not met.
display  D   display_settings.c:214  debug_display_settings           [   0.03849] color: 32 (rgba 8880), depth: 16, stencil: 0, acc: 0000, samples: 4/1
display  D   display_settings.c:400  _al_score_display_settings       [   0.03852] Single Buffer requirement not met.
display  D   display_settings.c:214  debug_display_settings           [   0.03855] color: 32 (rgba 8880), depth: 16, stencil: 0, acc: 0000, samples: 5/1
display  D   display_settings.c:400  _al_score_display_settings       [   0.03858] Single Buffer requirement not met.
display  D   display_settings.c:214  debug_display_settings           [   0.03860] color: 32 (rgba 8880), depth: 16, stencil: 0, acc: 0000, samples: 6/1
display  D   display_settings.c:400  _al_score_display_settings       [   0.03863] Single Buffer requirement not met.
display  D   display_settings.c:214  debug_display_settings           [   0.03866] color: 32 (rgba 8880), depth: 16, stencil: 0, acc: 0000, samples: 7/1
display  D   display_settings.c:400  _al_score_display_settings       [   0.03869] Single Buffer requirement not met.
display  D   display_settings.c:214  debug_display_settings           [   0.03871] color: 32 (rgba 8880), depth: 16, stencil: 0, acc: 0000, samples: 8/1
display  D   display_settings.c:400  _al_score_display_settings       [   0.03874] Single Buffer requirement not met.
display  D   display_settings.c:214  debug_display_settings           [   0.03877] color: 16 (rgba 5650), depth: 0, stencil: 0, acc: 0000, samples: 0/0
display  D   display_settings.c:400  _al_score_display_settings       [   0.03880] Single Buffer requirement not met.
display  D   display_settings.c:214  debug_display_settings           [   0.03882] color: 16 (rgba 5650), depth: 0, stencil: 0, acc: 0000, samples: 0/0
display  D   display_settings.c:400  _al_score_display_settings       [   0.03885] Single Buffer requirement not met.
display  D   display_settings.c:214  debug_display_settings           [   0.03888] color: 16 (rgba 5650), depth: 0, stencil: 0, acc: 0000, samples: 2/1
display  D   display_settings.c:400  _al_score_display_settings       [   0.03890] Single Buffer requirement not met.
display  D   display_settings.c:214  debug_display_settings           [   0.03893] color: 16 (rgba 5650), depth: 0, stencil: 0, acc: 0000, samples: 3/1
display  D   display_settings.c:400  _al_score_display_settings       [   0.03897] Single Buffer requirement not met.
display  D   display_settings.c:214  debug_display_settings           [   0.03899] color: 16 (rgba 5650), depth: 0, stencil: 0, acc: 0000, samples: 4/1
display  D   display_settings.c:400  _al_score_display_settings       [   0.03902] Single Buffer requirement not met.
display  D   display_settings.c:214  debug_display_settings           [   0.03905] color: 16 (rgba 5650), depth: 0, stencil: 0, acc: 0000, samples: 5/1
display  D   display_settings.c:400  _al_score_display_settings       [   0.03908] Single Buffer requirement not met.
display  D   display_settings.c:214  debug_display_settings           [   0.03910] color: 16 (rgba 5650), depth: 0, stencil: 0, acc: 0000, samples: 6/1
display  D   display_settings.c:400  _al_score_display_settings       [   0.03913] Single Buffer requirement not met.
display  D   display_settings.c:214  debug_display_settings           [   0.03916] color: 16 (rgba 5650), depth: 0, stencil: 0, acc: 0000, samples: 7/1
display  D   display_settings.c:400  _al_score_display_settings       [   0.03919] Single Buffer requirement not met.
display  D   display_settings.c:214  debug_display_settings           [   0.03921] color: 16 (rgba 5650), depth: 0, stencil: 0, acc: 0000, samples: 8/1
display  D   display_settings.c:400  _al_score_display_settings       [   0.03924] Single Buffer requirement not met.
display  D   display_settings.c:214  debug_display_settings           [   0.03927] color: 16 (rgba 5650), depth: 24, stencil: 8, acc: 0000, samples: 0/0
display  D   display_settings.c:400  _al_score_display_settings       [   0.03930] Single Buffer requirement not met.
display  D   display_settings.c:214  debug_display_settings           [   0.03932] color: 16 (rgba 5650), depth: 24, stencil: 8, acc: 0000, samples: 0/0
display  D   display_settings.c:400  _al_score_display_settings       [   0.03935] Single Buffer requirement not met.
display  D   display_settings.c:214  debug_display_settings           [   0.03938] color: 16 (rgba 5650), depth: 24, stencil: 8, acc: 0000, samples: 2/1
display  D   display_settings.c:400  _al_score_display_settings       [   0.03941] Single Buffer requirement not met.
display  D   display_settings.c:214  debug_display_settings           [   0.03943] color: 16 (rgba 5650), depth: 24, stencil: 8, acc: 0000, samples: 3/1
display  D   display_settings.c:400  _al_score_display_settings       [   0.03946] Single Buffer requirement not met.
display  D   display_settings.c:214  debug_display_settings           [   0.03950] color: 16 (rgba 5650), depth: 24, stencil: 8, acc: 0000, samples: 4/1
display  D   display_settings.c:400  _al_score_display_settings       [   0.03954] Single Buffer requirement not met.
display  D   display_settings.c:214  debug_display_settings           [   0.03957] color: 16 (rgba 5650), depth: 24, stencil: 8, acc: 0000, samples: 5/1
display  D   display_settings.c:400  _al_score_display_settings       [   0.03960] Single Buffer requirement not met.
display  D   display_settings.c:214  debug_display_settings           [   0.03962] color: 16 (rgba 5650), depth: 24, stencil: 8, acc: 0000, samples: 6/1
display  D   display_settings.c:400  _al_score_display_settings       [   0.03967] Single Buffer requirement not met.
display  D   display_settings.c:214  debug_display_settings           [   0.03971] color: 16 (rgba 5650), depth: 24, stencil: 8, acc: 0000, samples: 7/1
display  D   display_settings.c:400  _al_score_display_settings       [   0.03983] Single Buffer requirement not met.
display  D   display_settings.c:214  debug_display_settings           [   0.03990] color: 16 (rgba 5650), depth: 24, stencil: 8, acc: 0000, samples: 8/1
display  D   display_settings.c:400  _al_score_display_settings       [   0.03996] Single Buffer requirement not met.
display  D   display_settings.c:214  debug_display_settings           [   0.04000] color: 16 (rgba 5650), depth: 24, stencil: 0, acc: 0000, samples: 0/0
display  D   display_settings.c:400  _al_score_display_settings       [   0.04005] Single Buffer requirement not met.
display  D   display_settings.c:214  debug_display_settings           [   0.04009] color: 16 (rgba 5650), depth: 24, stencil: 0, acc: 0000, samples: 0/0
display  D   display_settings.c:400  _al_score_display_settings       [   0.04015] Single Buffer requirement not met.
display  D   display_settings.c:214  debug_display_settings           [   0.04018] color: 16 (rgba 5650), depth: 24, stencil: 0, acc: 0000, samples: 2/1
display  D   display_settings.c:400  _al_score_display_settings       [   0.04021] Single Buffer requirement not met.
display  D   display_settings.c:214  debug_display_settings           [   0.04024] color: 16 (rgba 5650), depth: 24, stencil: 0, acc: 0000, samples: 3/1
display  D   display_settings.c:400  _al_score_display_settings       [   0.04027] Single Buffer requirement not met.
display  D   display_settings.c:214  debug_display_settings           [   0.04030] color: 16 (rgba 5650), depth: 24, stencil: 0, acc: 0000, samples: 4/1
display  D   display_settings.c:400  _al_score_display_settings       [   0.04033] Single Buffer requirement not met.
display  D   display_settings.c:214  debug_display_settings           [   0.04036] color: 16 (rgba 5650), depth: 24, stencil: 0, acc: 0000, samples: 5/1
display  D   display_settings.c:400  _al_score_display_settings       [   0.04039] Single Buffer requirement not met.
display  D   display_settings.c:214  debug_display_settings           [   0.04041] color: 16 (rgba 5650), depth: 24, stencil: 0, acc: 0000, samples: 6/1
display  D   display_settings.c:400  _al_score_display_settings       [   0.04044] Single Buffer requirement not met.
display  D   display_settings.c:214  debug_display_settings           [   0.04047] color: 16 (rgba 5650), depth: 24, stencil: 0, acc: 0000, samples: 7/1
display  D   display_settings.c:400  _al_score_display_settings       [   0.04050] Single Buffer requirement not met.
display  D   display_settings.c:214  debug_display_settings           [   0.04052] color: 16 (rgba 5650), depth: 24, stencil: 0, acc: 0000, samples: 8/1
display  D   display_settings.c:400  _al_score_display_settings       [   0.04055] Single Buffer requirement not met.
display  D   display_settings.c:214  debug_display_settings           [   0.04058] color: 16 (rgba 5650), depth: 16, stencil: 0, acc: 0000, samples: 0/0
display  D   display_settings.c:400  _al_score_display_settings       [   0.04061] Single Buffer requirement not met.
display  D   display_settings.c:214  debug_display_settings           [   0.04063] color: 16 (rgba 5650), depth: 16, stencil: 0, acc: 0000, samples: 0/0
display  D   display_settings.c:400  _al_score_display_settings       [   0.04066] Single Buffer requirement not met.
display  D   display_settings.c:214  debug_display_settings           [   0.04069] color: 16 (rgba 5650), depth: 16, stencil: 0, acc: 0000, samples: 2/1
display  D   display_settings.c:400  _al_score_display_settings       [   0.04072] Single Buffer requirement not met.
display  D   display_settings.c:214  debug_display_settings           [   0.04074] color: 16 (rgba 5650), depth: 16, stencil: 0, acc: 0000, samples: 3/1
display  D   display_settings.c:400  _al_score_display_settings       [   0.04077] Single Buffer requirement not met.
display  D   display_settings.c:214  debug_display_settings           [   0.04080] color: 16 (rgba 5650), depth: 16, stencil: 0, acc: 0000, samples: 4/1
display  D   display_settings.c:400  _al_score_display_settings       [   0.04083] Single Buffer requirement not met.
display  D   display_settings.c:214  debug_display_settings           [   0.04085] color: 16 (rgba 5650), depth: 16, stencil: 0, acc: 0000, samples: 5/1
display  D   display_settings.c:400  _al_score_display_settings       [   0.04088] Single Buffer requirement not met.
display  D   display_settings.c:214  debug_display_settings           [   0.04091] color: 16 (rgba 5650), depth: 16, stencil: 0, acc: 0000, samples: 6/1
display  D   display_settings.c:400  _al_score_display_settings       [   0.04094] Single Buffer requirement not met.
display  D   display_settings.c:214  debug_display_settings           [   0.04096] color: 16 (rgba 5650), depth: 16, stencil: 0, acc: 0000, samples: 7/1
display  D   display_settings.c:400  _al_score_display_settings       [   0.04099] Single Buffer requirement not met.
display  D   display_settings.c:214  debug_display_settings           [   0.04102] color: 16 (rgba 5650), depth: 16, stencil: 0, acc: 0000, samples: 8/1
display  D   display_settings.c:400  _al_score_display_settings       [   0.04105] Single Buffer requirement not met.
display  W   display_settings.c:671  _al_deduce_color_format          [   0.04114] Could not deduce color format, sizes = (0,0,0,0,0), shifts = (0,0,0,0)
display  W   display_settings.c:671  _al_deduce_color_format          [   0.04572] Could not deduce color format, sizes = (0,0,0,0,0), shifts = (0,0,0,0)
display  W   display_settings.c:671  _al_deduce_color_format          [   0.04584] Could not deduce color format, sizes = (0,0,0,0,0), shifts = (0,0,0,0)
d3d      D         d3d_disp.cpp:1677 d3d_create_display_internals     [   0.04594] Trying format 0.
d3d      I         d3d_disp.cpp:1353 d3d_display_thread_proc          [   0.04645] Chose a display format: 23
d3d      I         d3d_disp.cpp:1422 d3d_display_thread_proc          [   0.04652] Normal window.
d3d      D         d3d_disp.cpp:1450 d3d_display_thread_proc          [   0.05891] Creating real fullscreen device
d3d      I         d3d_disp.cpp:574  d3d_create_fullscreen_device     [   0.09845] Fullscreen Direct3D device created.
d3d      I         d3d_disp.cpp:1458 d3d_display_thread_proc          [   0.09853] Real fullscreen device created
d3d      D         d3d_disp.cpp:1703 d3d_create_display_internals     [   0.09858] Resumed after wait.
d3d      I         d3d_disp.cpp:1736 d3d_create_display_internals     [   0.09868] Format 0 succeeded.
d3d      D         d3d_disp.cpp:1767 d3d_create_display_internals     [   0.09872] Returning d3d_display: 00C0ABF0
d3d      D         d3d_disp.cpp:1792 d3d_create_display_locked        [   0.09875] al_display=00C0ABF0
d3d      D         d3d_disp.cpp:1793 d3d_create_display_locked        [   0.09878] al_display->vt=00C4AD40
system   D            wsystem.c:834  maybe_parent_dir                 [   0.09913] Also searching C:\Users\Admin\OneDrive - Estudiantes ITCR\Escritorio\Estructura\Proyecto DeathRace\DeathraceV2\pp\
system   D            wsystem.c:889  _al_win_safe_load_library        [   0.09935] PathFindOnPath found: C:\Windows\system32\d3dx9_43.dll
system   D            wsystem.c:795  load_library_at_path             [   0.09941] Calling LoadLibrary C:\Windows\system32\d3dx9_43.dll
system   I            wsystem.c:798  load_library_at_path             [   0.10073] Loaded C:\Windows\system32\d3dx9_43.dll
d3dx9    I        d3d_d3dx9.cpp:88   _imp_load_d3dx9_module_version   [   0.10082] Module "d3dx9_43.dll" loaded.
dtor     D               dtor.c:196  _al_register_destructor          [   0.10214] added dtor for timer 00C80B98, func 6D9F197E
dtor     D               dtor.c:196  _al_register_destructor          [   0.10219] added dtor for timer 00C81408, func 6D9F197E
dtor     D               dtor.c:196  _al_register_destructor          [   0.10223] added dtor for queue 00C768E0, func 6D9F171C
stdio    D         file_stdio.c:110  file_stdio_fopen                 [   0.10226] opening Imagenes/Coche.png rb
stdio    D         file_stdio.c:110  file_stdio_fopen                 [   0.10237] opening Imagenes/Coche.png rb
image    E                png.c:415  _al_load_png                     [   0.10245] Unable to open Imagenes/Coche.png for reading.
bitmap   E          bitmap_io.c:209  al_load_bitmap_flags             [   0.10248] Failed loading bitmap Imagenes/Coche.png with .png handler.
stdio    D         file_stdio.c:110  file_stdio_fopen                 [   0.10252] opening Imagenes/Persona2.png rb
stdio    D         file_stdio.c:110  file_stdio_fopen                 [   0.10258] opening Imagenes/Persona2.png rb
image    E                png.c:415  _al_load_png                     [   0.10264] Unable to open Imagenes/Persona2.png for reading.
bitmap   E          bitmap_io.c:209  al_load_bitmap_flags             [   0.10267] Failed loading bitmap Imagenes/Persona2.png with .png handler.
stdio    D         file_stdio.c:110  file_stdio_fopen                 [   0.10270] opening Imagenes/Barril1.png rb
stdio    D         file_stdio.c:110  file_stdio_fopen                 [   0.10276] opening Imagenes/Barril1.png rb
image    E                png.c:415  _al_load_png                     [   0.10282] Unable to open Imagenes/Barril1.png for reading.
bitmap   E          bitmap_io.c:209  al_load_bitmap_flags             [   0.10286] Failed loading bitmap Imagenes/Barril1.png with .png handler.
stdio    D         file_stdio.c:110  file_stdio_fopen                 [   0.10289] opening Imagenes/Bala.png rb
stdio    D         file_stdio.c:110  file_stdio_fopen                 [   0.10295] opening Imagenes/Bala.png rb
image    E                png.c:415  _al_load_png                     [   0.10302] Unable to open Imagenes/Bala.png for reading.
bitmap   E          bitmap_io.c:209  al_load_bitmap_flags             [   0.10305] Failed loading bitmap Imagenes/Bala.png with .png handler.
stdio    D         file_stdio.c:110  file_stdio_fopen                 [   0.10308] opening Imagenes/Fondo2.png rb
stdio    D         file_stdio.c:110  file_stdio_fopen                 [   0.10313] opening Imagenes/Fondo2.png rb
image    E                png.c:415  _al_load_png                     [   0.10319] Unable to open Imagenes/Fondo2.png for reading.
bitmap   E          bitmap_io.c:209  al_load_bitmap_flags             [   0.10322] Failed loading bitmap Imagenes/Fondo2.png with .png handler.
stdio    D         file_stdio.c:110  file_stdio_fopen                 [   0.10325] opening Imagenes/Blood.png rb
stdio    D         file_stdio.c:110  file_stdio_fopen                 [   0.10330] opening Imagenes/Blood.png rb
image    E                png.c:415  _al_load_png                     [   0.10336] Unable to open Imagenes/Blood.png for reading.
bitmap   E          bitmap_io.c:209  al_load_bitmap_flags             [   0.10339] Failed loading bitmap Imagenes/Blood.png with .png handler.
stdio    D         file_stdio.c:110  file_stdio_fopen                 [   0.10342] opening Imagenes/Corazon.png rb
stdio    D         file_stdio.c:110  file_stdio_fopen                 [   0.10347] opening Imagenes/Corazon.png rb
image    E                png.c:415  _al_load_png                     [   0.10353] Unable to open Imagenes/Corazon.png for reading.
bitmap   E          bitmap_io.c:209  al_load_bitmap_flags             [   0.10356] Failed loading bitmap Imagenes/Corazon.png with .png handler.
stdio    D         file_stdio.c:110  file_stdio_fopen                 [   0.10359] opening Imagenes/Ex1.png rb
stdio    D         file_stdio.c:110  file_stdio_fopen                 [   0.10364] opening Imagenes/Ex1.png rb
image    E                png.c:415  _al_load_png                     [   0.10370] Unable to open Imagenes/Ex1.png for reading.
bitmap   E          bitmap_io.c:209  al_load_bitmap_flags             [   0.10373] Failed loading bitmap Imagenes/Ex1.png with .png handler.
stdio    D         file_stdio.c:110  file_stdio_fopen                 [   0.10376] opening Imagenes/Ex2.png rb
stdio    D         file_stdio.c:110  file_stdio_fopen                 [   0.10381] opening Imagenes/Ex2.png rb
image    E                png.c:415  _al_load_png                     [   0.10386] Unable to open Imagenes/Ex2.png for reading.
bitmap   E          bitmap_io.c:209  al_load_bitmap_flags             [   0.10390] Failed loading bitmap Imagenes/Ex2.png with .png handler.
stdio    D         file_stdio.c:110  file_stdio_fopen                 [   0.10392] opening Imagenes/Ex3.png rb
stdio    D         file_stdio.c:110  file_stdio_fopen                 [   0.10398] opening Imagenes/Ex3.png rb
image    E                png.c:415  _al_load_png                     [   0.10404] Unable to open Imagenes/Ex3.png for reading.
bitmap   E          bitmap_io.c:209  al_load_bitmap_flags             [   0.10407] Failed loading bitmap Imagenes/Ex3.png with .png handler.
stdio    D         file_stdio.c:110  file_stdio_fopen                 [   0.10410] opening Imagenes/Ex4.png rb
stdio    D         file_stdio.c:110  file_stdio_fopen                 [   0.10415] opening Imagenes/Ex4.png rb
image    E                png.c:415  _al_load_png                     [   0.10420] Unable to open Imagenes/Ex4.png for reading.
bitmap   E          bitmap_io.c:209  al_load_bitmap_flags             [   0.10423] Failed loading bitmap Imagenes/Ex4.png with .png handler.
stdio    D         file_stdio.c:110  file_stdio_fopen                 [   0.10426] opening Imagenes/Ex5.png rb
stdio    D         file_stdio.c:110  file_stdio_fopen                 [   0.10432] opening Imagenes/Ex5.png rb
image    E                png.c:415  _al_load_png                     [   0.10438] Unable to open Imagenes/Ex5.png for reading.
bitmap   E          bitmap_io.c:209  al_load_bitmap_flags             [   0.10441] Failed loading bitmap Imagenes/Ex5.png with .png handler.
stdio    D         file_stdio.c:110  file_stdio_fopen                 [   0.10444] opening Imagenes/Ex6.png rb
stdio    D         file_stdio.c:110  file_stdio_fopen                 [   0.10449] opening Imagenes/Ex6.png rb
image    E                png.c:415  _al_load_png                     [   0.10455] Unable to open Imagenes/Ex6.png for reading.
bitmap   E          bitmap_io.c:209  al_load_bitmap_flags             [   0.10458] Failed loading bitmap Imagenes/Ex6.png with .png handler.
stdio    D         file_stdio.c:110  file_stdio_fopen                 [   0.10461] opening pixel.ttf rb
font     E                ttf.c:1025 al_load_ttf_font_stretch         [   0.10467] Unable to open file for reading: pixel.ttf
stdio    D         file_stdio.c:110  file_stdio_fopen                 [   0.10470] opening pixel.ttf rb
font     E                ttf.c:1025 al_load_ttf_font_stretch         [   0.10476] Unable to open file for reading: pixel.ttf
